d:\ncnn_win32\builds\src\ncnn.dir\release\bias.obj
d:\ncnn_win32\builds\src\ncnn.dir\release\batchnorm.obj
d:\ncnn_win32\builds\src\ncnn.dir\release\benchmark.obj
d:\ncnn_win32\builds\src\ncnn.dir\release\pipeline.obj
d:\ncnn_win32\builds\src\ncnn.dir\release\paramdict.obj
d:\ncnn_win32\builds\src\ncnn.dir\release\option.obj
d:\ncnn_win32\builds\src\ncnn.dir\release\opencv.obj
d:\ncnn_win32\builds\src\ncnn.dir\release\net.obj
d:\ncnn_win32\builds\src\ncnn.dir\release\modelbin.obj
d:\ncnn_win32\builds\src\ncnn.dir\release\mat_pixel_rotate.obj
d:\ncnn_win32\builds\src\ncnn.dir\release\mat_pixel_resize.obj
d:\ncnn_win32\builds\src\ncnn.dir\release\mat_pixel.obj
d:\ncnn_win32\builds\src\ncnn.dir\release\mat.obj
d:\ncnn_win32\builds\src\ncnn.dir\release\layer.obj
d:\ncnn_win32\builds\src\ncnn.dir\release\gpu.obj
d:\ncnn_win32\builds\src\ncnn.dir\release\datareader.obj
d:\ncnn_win32\builds\src\ncnn.dir\release\cpu.obj
d:\ncnn_win32\builds\src\ncnn.dir\release\command.obj
d:\ncnn_win32\builds\src\ncnn.dir\release\blob.obj
d:\ncnn_win32\builds\src\ncnn.dir\release\allocator.obj
d:\ncnn_win32\builds\src\ncnn.dir\release\power.obj
d:\ncnn_win32\builds\src\ncnn.dir\release\pooling.obj
d:\ncnn_win32\builds\src\ncnn.dir\release\mvn.obj
d:\ncnn_win32\builds\src\ncnn.dir\release\memorydata.obj
d:\ncnn_win32\builds\src\ncnn.dir\release\lrn.obj
d:\ncnn_win32\builds\src\ncnn.dir\release\log.obj
d:\ncnn_win32\builds\src\ncnn.dir\release\input.obj
d:\ncnn_win32\builds\src\ncnn.dir\release\innerproduct.obj
d:\ncnn_win32\builds\src\ncnn.dir\release\flatten.obj
d:\ncnn_win32\builds\src\ncnn.dir\release\exp.obj
d:\ncnn_win32\builds\src\ncnn.dir\release\embed.obj
d:\ncnn_win32\builds\src\ncnn.dir\release\elu.obj
d:\ncnn_win32\builds\src\ncnn.dir\release\eltwise.obj
d:\ncnn_win32\builds\src\ncnn.dir\release\dropout.obj
d:\ncnn_win32\builds\src\ncnn.dir\release\deconvolution.obj
d:\ncnn_win32\builds\src\ncnn.dir\release\crop.obj
d:\ncnn_win32\builds\src\ncnn.dir\release\convolution_x86.obj
d:\ncnn_win32\builds\src\ncnn.dir\release\convolution.obj
d:\ncnn_win32\builds\src\ncnn.dir\release\concat.obj
d:\ncnn_win32\builds\src\ncnn.dir\release\bnll.obj
d:\ncnn_win32\builds\src\ncnn.dir\release\squeeze.obj
d:\ncnn_win32\builds\src\ncnn.dir\release\padding.obj
d:\ncnn_win32\builds\src\ncnn.dir\release\convolutiondepthwise_x86.obj
d:\ncnn_win32\builds\src\ncnn.dir\release\convolutiondepthwise.obj
d:\ncnn_win32\builds\src\ncnn.dir\release\unaryop.obj
d:\ncnn_win32\builds\src\ncnn.dir\release\binaryop.obj
d:\ncnn_win32\builds\src\ncnn.dir\release\lstm.obj
d:\ncnn_win32\builds\src\ncnn.dir\release\threshold.obj
d:\ncnn_win32\builds\src\ncnn.dir\release\tanh.obj
d:\ncnn_win32\builds\src\ncnn.dir\release\split.obj
d:\ncnn_win32\builds\src\ncnn.dir\release\softmax.obj
d:\ncnn_win32\builds\src\ncnn.dir\release\slice.obj
d:\ncnn_win32\builds\src\ncnn.dir\release\sigmoid.obj
d:\ncnn_win32\builds\src\ncnn.dir\release\scale.obj
d:\ncnn_win32\builds\src\ncnn.dir\release\roipooling.obj
d:\ncnn_win32\builds\src\ncnn.dir\release\reshape.obj
d:\ncnn_win32\builds\src\ncnn.dir\release\relu.obj
d:\ncnn_win32\builds\src\ncnn.dir\release\reduction.obj
d:\ncnn_win32\builds\src\ncnn.dir\release\proposal.obj
d:\ncnn_win32\builds\src\ncnn.dir\release\prelu.obj
d:\ncnn_win32\builds\src\ncnn.dir\release\cast_x86.obj
d:\ncnn_win32\builds\src\ncnn.dir\release\cast.obj
d:\ncnn_win32\builds\src\ncnn.dir\release\requantize.obj
d:\ncnn_win32\builds\src\ncnn.dir\release\packing.obj
d:\ncnn_win32\builds\src\ncnn.dir\release\psroipooling.obj
d:\ncnn_win32\builds\src\ncnn.dir\release\yolov3detectionoutput.obj
d:\ncnn_win32\builds\src\ncnn.dir\release\dequantize.obj
d:\ncnn_win32\builds\src\ncnn.dir\release\quantize.obj
d:\ncnn_win32\builds\src\ncnn.dir\release\yolodetectionoutput.obj
d:\ncnn_win32\builds\src\ncnn.dir\release\reorg.obj
d:\ncnn_win32\builds\src\ncnn.dir\release\clip.obj
d:\ncnn_win32\builds\src\ncnn.dir\release\instancenorm.obj
d:\ncnn_win32\builds\src\ncnn.dir\release\shufflechannel.obj
d:\ncnn_win32\builds\src\ncnn.dir\release\deconvolutiondepthwise.obj
d:\ncnn_win32\builds\src\ncnn.dir\release\interp.obj
d:\ncnn_win32\builds\src\ncnn.dir\release\detectionoutput.obj
d:\ncnn_win32\builds\src\ncnn.dir\release\priorbox.obj
d:\ncnn_win32\builds\src\ncnn.dir\release\permute.obj
d:\ncnn_win32\builds\src\ncnn.dir\release\normalize.obj
d:\ncnn_win32\builds\src\ncnn.dir\release\expanddims.obj
d:\ncnn_win32\builds\src\ncnn.dir\release\mish.obj
d:\ncnn_win32\builds\src\ncnn.dir\release\deepcopy.obj
d:\ncnn_win32\builds\src\ncnn.dir\release\pixelshuffle.obj
d:\ncnn_win32\builds\src\ncnn.dir\release\noop.obj
d:\ncnn_win32\builds\src\ncnn.dir\release\hardswish.obj
d:\ncnn_win32\builds\src\ncnn.dir\release\selu.obj
d:\ncnn_win32\builds\src\ncnn.dir\release\hardsigmoid.obj
d:\ncnn_win32\builds\src\cmakefiles\generate.stamp
d:\ncnn_win32\builds\src\release\ncnn.lib
d:\ncnn_win32\builds\src\ncnn.dir\release\ncnn.tlog\cl.command.1.tlog
d:\ncnn_win32\builds\src\ncnn.dir\release\ncnn.tlog\cl.read.1.tlog
d:\ncnn_win32\builds\src\ncnn.dir\release\ncnn.tlog\cl.write.1.tlog
d:\ncnn_win32\builds\src\ncnn.dir\release\ncnn.tlog\custombuild.command.1.tlog
d:\ncnn_win32\builds\src\ncnn.dir\release\ncnn.tlog\custombuild.read.1.tlog
d:\ncnn_win32\builds\src\ncnn.dir\release\ncnn.tlog\custombuild.write.1.tlog
d:\ncnn_win32\builds\src\ncnn.dir\release\ncnn.tlog\lib-link.read.1.tlog
d:\ncnn_win32\builds\src\ncnn.dir\release\ncnn.tlog\lib-link.write.1.tlog
d:\ncnn_win32\builds\src\ncnn.dir\release\ncnn.tlog\lib.command.1.tlog
